Build started 12/13/2014 6:14:22 PM.
     1>Project "C:\Users\Master\Source\Repos\cs3113\Jetpack Joyriders 2\Jetpack Joyriders 2\Jetpack Joyriders 2.vcxproj" on node 2 (Build target(s)).
     1>ClCompile:
         C:\Program Files (x86)\Microsoft Visual Studio 12.0\VC\bin\CL.exe /c /IC:\SDL2_mixer\include /IC:\SDL2\include /IC:\SDL2_image\include /ZI /nologo /W3 /WX- /sdl /Od /Oy- /D WIN32 /D _DEBUG /D _WINDOWS /D _UNICODE /D UNICODE /Gm /EHsc /RTC1 /MDd /GS /fp:precise /Zc:wchar_t /Zc:forScope /Fo"Debug\\" /Fd"Debug\vc120.pdb" /Gd /TP /analyze- /errorReport:prompt App.cpp
         App.cpp
     1>c:\users\master\source\repos\cs3113\jetpack joyriders 2\jetpack joyriders 2\app.cpp(22): warning C4244: 'return' : conversion from 'double' to 'float', possible loss of data
     1>c:\users\master\source\repos\cs3113\jetpack joyriders 2\jetpack joyriders 2\app.cpp(46): warning C4244: '=' : conversion from 'double' to 'float', possible loss of data
     1>c:\users\master\source\repos\cs3113\jetpack joyriders 2\jetpack joyriders 2\app.cpp(53): warning C4018: '<' : signed/unsigned mismatch
     1>c:\users\master\source\repos\cs3113\jetpack joyriders 2\jetpack joyriders 2\app.cpp(54): warning C4018: '<' : signed/unsigned mismatch
     1>c:\users\master\source\repos\cs3113\jetpack joyriders 2\jetpack joyriders 2\app.cpp(65): warning C4305: '+=' : truncation from 'double' to 'float'
     1>c:\users\master\source\repos\cs3113\jetpack joyriders 2\jetpack joyriders 2\app.cpp(66): warning C4244: 'argument' : conversion from 'double' to 'GLfloat', possible loss of data
     1>c:\users\master\source\repos\cs3113\jetpack joyriders 2\jetpack joyriders 2\app.cpp(153): warning C4305: '=' : truncation from 'double' to 'float'
     1>c:\users\master\source\repos\cs3113\jetpack joyriders 2\jetpack joyriders 2\app.cpp(154): warning C4305: '=' : truncation from 'double' to 'float'
     1>c:\users\master\source\repos\cs3113\jetpack joyriders 2\jetpack joyriders 2\app.cpp(155): warning C4305: '=' : truncation from 'double' to 'float'
     1>c:\users\master\source\repos\cs3113\jetpack joyriders 2\jetpack joyriders 2\app.cpp(165): warning C4305: '=' : truncation from 'double' to 'float'
     1>c:\users\master\source\repos\cs3113\jetpack joyriders 2\jetpack joyriders 2\app.cpp(166): warning C4305: '=' : truncation from 'double' to 'float'
     1>c:\users\master\source\repos\cs3113\jetpack joyriders 2\jetpack joyriders 2\app.cpp(168): warning C4305: '=' : truncation from 'double' to 'float'
     1>c:\users\master\source\repos\cs3113\jetpack joyriders 2\jetpack joyriders 2\app.cpp(169): warning C4244: '=' : conversion from 'double' to 'float', possible loss of data
     1>c:\users\master\source\repos\cs3113\jetpack joyriders 2\jetpack joyriders 2\app.cpp(170): warning C4305: '=' : truncation from 'double' to 'float'
     1>c:\users\master\source\repos\cs3113\jetpack joyriders 2\jetpack joyriders 2\app.cpp(172): warning C4305: '=' : truncation from 'double' to 'float'
     1>c:\users\master\source\repos\cs3113\jetpack joyriders 2\jetpack joyriders 2\app.cpp(192): warning C4305: '=' : truncation from 'double' to 'float'
     1>c:\users\master\source\repos\cs3113\jetpack joyriders 2\jetpack joyriders 2\app.cpp(193): warning C4305: '=' : truncation from 'double' to 'float'
     1>c:\users\master\source\repos\cs3113\jetpack joyriders 2\jetpack joyriders 2\app.cpp(194): warning C4244: '=' : conversion from 'double' to 'float', possible loss of data
     1>c:\users\master\source\repos\cs3113\jetpack joyriders 2\jetpack joyriders 2\app.cpp(197): warning C4244: '=' : conversion from 'double' to 'float', possible loss of data
     1>c:\users\master\source\repos\cs3113\jetpack joyriders 2\jetpack joyriders 2\app.cpp(198): warning C4305: '=' : truncation from 'double' to 'float'
     1>c:\users\master\source\repos\cs3113\jetpack joyriders 2\jetpack joyriders 2\app.cpp(220): warning C4305: '=' : truncation from 'double' to 'float'
     1>c:\users\master\source\repos\cs3113\jetpack joyriders 2\jetpack joyriders 2\app.cpp(221): warning C4305: '=' : truncation from 'double' to 'float'
     1>c:\users\master\source\repos\cs3113\jetpack joyriders 2\jetpack joyriders 2\app.cpp(223): warning C4305: '=' : truncation from 'double' to 'float'
     1>c:\users\master\source\repos\cs3113\jetpack joyriders 2\jetpack joyriders 2\app.cpp(236): warning C4305: '=' : truncation from 'double' to 'float'
     1>c:\users\master\source\repos\cs3113\jetpack joyriders 2\jetpack joyriders 2\app.cpp(237): warning C4305: '=' : truncation from 'double' to 'float'
     1>c:\users\master\source\repos\cs3113\jetpack joyriders 2\jetpack joyriders 2\app.cpp(239): warning C4244: '=' : conversion from 'double' to 'float', possible loss of data
     1>c:\users\master\source\repos\cs3113\jetpack joyriders 2\jetpack joyriders 2\app.cpp(253): warning C4305: '=' : truncation from 'double' to 'float'
     1>c:\users\master\source\repos\cs3113\jetpack joyriders 2\jetpack joyriders 2\app.cpp(255): warning C4305: '=' : truncation from 'double' to 'float'
     1>c:\users\master\source\repos\cs3113\jetpack joyriders 2\jetpack joyriders 2\app.cpp(279): warning C4244: 'argument' : conversion from 'float' to 'int', possible loss of data
     1>c:\users\master\source\repos\cs3113\jetpack joyriders 2\jetpack joyriders 2\app.cpp(124): warning C4101: 'EVENT' : unreferenced local variable
     1>c:\users\master\source\repos\cs3113\jetpack joyriders 2\jetpack joyriders 2\app.cpp(304): warning C4018: '<' : signed/unsigned mismatch
     1>c:\users\master\source\repos\cs3113\jetpack joyriders 2\jetpack joyriders 2\app.cpp(306): warning C4305: '=' : truncation from 'double' to 'float'
     1>c:\users\master\source\repos\cs3113\jetpack joyriders 2\jetpack joyriders 2\app.cpp(308): warning C4244: '+=' : conversion from 'double' to 'float', possible loss of data
     1>c:\users\master\source\repos\cs3113\jetpack joyriders 2\jetpack joyriders 2\app.cpp(311): warning C4018: '<' : signed/unsigned mismatch
     1>c:\users\master\source\repos\cs3113\jetpack joyriders 2\jetpack joyriders 2\app.cpp(312): warning C4244: '+=' : conversion from 'double' to 'float', possible loss of data
     1>c:\users\master\source\repos\cs3113\jetpack joyriders 2\jetpack joyriders 2\app.cpp(313): warning C4244: '+=' : conversion from 'double' to 'float', possible loss of data
     1>c:\users\master\source\repos\cs3113\jetpack joyriders 2\jetpack joyriders 2\app.cpp(324): warning C4244: '+=' : conversion from 'double' to 'float', possible loss of data
     1>c:\users\master\source\repos\cs3113\jetpack joyriders 2\jetpack joyriders 2\app.cpp(325): warning C4244: '+=' : conversion from 'double' to 'float', possible loss of data
     1>c:\users\master\source\repos\cs3113\jetpack joyriders 2\jetpack joyriders 2\app.cpp(326): warning C4244: '+=' : conversion from 'double' to 'float', possible loss of data
     1>c:\users\master\source\repos\cs3113\jetpack joyriders 2\jetpack joyriders 2\app.cpp(329): warning C4305: '=' : truncation from 'double' to 'float'
     1>c:\users\master\source\repos\cs3113\jetpack joyriders 2\jetpack joyriders 2\app.cpp(334): warning C4305: '=' : truncation from 'double' to 'float'
     1>c:\users\master\source\repos\cs3113\jetpack joyriders 2\jetpack joyriders 2\app.cpp(341): warning C4305: '=' : truncation from 'double' to 'float'
     1>c:\users\master\source\repos\cs3113\jetpack joyriders 2\jetpack joyriders 2\app.cpp(349): warning C4244: '+=' : conversion from 'double' to 'float', possible loss of data
     1>c:\users\master\source\repos\cs3113\jetpack joyriders 2\jetpack joyriders 2\app.cpp(350): warning C4305: '+=' : truncation from 'double' to 'float'
     1>c:\users\master\source\repos\cs3113\jetpack joyriders 2\jetpack joyriders 2\app.cpp(364): warning C4305: 'argument' : truncation from 'double' to 'float'
     1>c:\users\master\source\repos\cs3113\jetpack joyriders 2\jetpack joyriders 2\app.cpp(379): warning C4018: '<' : signed/unsigned mismatch
     1>c:\users\master\source\repos\cs3113\jetpack joyriders 2\jetpack joyriders 2\app.cpp(474): warning C4305: '+=' : truncation from 'double' to 'float'
     1>c:\users\master\source\repos\cs3113\jetpack joyriders 2\jetpack joyriders 2\app.cpp(475): warning C4244: '+=' : conversion from 'double' to 'float', possible loss of data
     1>c:\users\master\source\repos\cs3113\jetpack joyriders 2\jetpack joyriders 2\app.cpp(479): warning C4018: '<' : signed/unsigned mismatch
     1>c:\users\master\source\repos\cs3113\jetpack joyriders 2\jetpack joyriders 2\app.cpp(511): warning C4244: 'argument' : conversion from 'float' to 'int', possible loss of data
     1>c:\users\master\source\repos\cs3113\jetpack joyriders 2\jetpack joyriders 2\app.cpp(524): warning C4244: 'argument' : conversion from 'float' to 'int', possible loss of data
     1>c:\users\master\source\repos\cs3113\jetpack joyriders 2\jetpack joyriders 2\app.cpp(561): warning C4244: '+=' : conversion from 'double' to 'float', possible loss of data
     1>c:\users\master\source\repos\cs3113\jetpack joyriders 2\jetpack joyriders 2\app.cpp(565): warning C4018: '<' : signed/unsigned mismatch
     1>c:\users\master\source\repos\cs3113\jetpack joyriders 2\jetpack joyriders 2\app.cpp(576): warning C4010: single-line comment contains line-continuation character
     1>c:\users\master\source\repos\cs3113\jetpack joyriders 2\jetpack joyriders 2\app.cpp(588): warning C4305: '=' : truncation from 'double' to 'float'
     1>c:\users\master\source\repos\cs3113\jetpack joyriders 2\jetpack joyriders 2\app.cpp(591): warning C4305: '-=' : truncation from 'double' to 'float'
     1>c:\users\master\source\repos\cs3113\jetpack joyriders 2\jetpack joyriders 2\app.cpp(612): warning C4244: '=' : conversion from 'double' to 'float', possible loss of data
     1>c:\users\master\source\repos\cs3113\jetpack joyriders 2\jetpack joyriders 2\app.cpp(613): warning C4244: '=' : conversion from 'double' to 'float', possible loss of data
     1>c:\users\master\source\repos\cs3113\jetpack joyriders 2\jetpack joyriders 2\app.cpp(618): warning C4244: '=' : conversion from 'double' to 'float', possible loss of data
     1>c:\users\master\source\repos\cs3113\jetpack joyriders 2\jetpack joyriders 2\app.cpp(632): warning C4244: '=' : conversion from 'double' to 'float', possible loss of data
     1>c:\users\master\source\repos\cs3113\jetpack joyriders 2\jetpack joyriders 2\app.cpp(634): warning C4305: '=' : truncation from 'double' to 'float'
     1>c:\users\master\source\repos\cs3113\jetpack joyriders 2\jetpack joyriders 2\app.cpp(637): warning C4244: '=' : conversion from 'double' to 'float', possible loss of data
     1>c:\users\master\source\repos\cs3113\jetpack joyriders 2\jetpack joyriders 2\app.cpp(641): warning C4244: '=' : conversion from 'double' to 'float', possible loss of data
     1>c:\users\master\source\repos\cs3113\jetpack joyriders 2\jetpack joyriders 2\app.cpp(647): warning C4305: '=' : truncation from 'double' to 'float'
     1>c:\users\master\source\repos\cs3113\jetpack joyriders 2\jetpack joyriders 2\app.cpp(648): warning C4244: '+=' : conversion from 'double' to 'float', possible loss of data
     1>c:\users\master\source\repos\cs3113\jetpack joyriders 2\jetpack joyriders 2\app.cpp(649): warning C4244: '+=' : conversion from 'double' to 'float', possible loss of data
     1>c:\users\master\source\repos\cs3113\jetpack joyriders 2\jetpack joyriders 2\app.cpp(650): warning C4305: '+=' : truncation from 'double' to 'float'
     1>c:\users\master\source\repos\cs3113\jetpack joyriders 2\jetpack joyriders 2\app.cpp(654): warning C4018: '<' : signed/unsigned mismatch
     1>c:\users\master\source\repos\cs3113\jetpack joyriders 2\jetpack joyriders 2\app.cpp(655): warning C4244: '+=' : conversion from 'double' to 'float', possible loss of data
     1>c:\users\master\source\repos\cs3113\jetpack joyriders 2\jetpack joyriders 2\app.cpp(657): warning C4018: '<' : signed/unsigned mismatch
     1>c:\users\master\source\repos\cs3113\jetpack joyriders 2\jetpack joyriders 2\app.cpp(658): warning C4244: '+=' : conversion from 'double' to 'float', possible loss of data
     1>c:\users\master\source\repos\cs3113\jetpack joyriders 2\jetpack joyriders 2\app.cpp(677): warning C4305: '=' : truncation from 'double' to 'float'
     1>c:\users\master\source\repos\cs3113\jetpack joyriders 2\jetpack joyriders 2\app.cpp(767): warning C4244: 'initializing' : conversion from 'double' to 'float', possible loss of data
     1>c:\users\master\source\repos\cs3113\jetpack joyriders 2\jetpack joyriders 2\app.cpp(768): warning C4305: 'argument' : truncation from 'double' to 'float'
     1>c:\users\master\source\repos\cs3113\jetpack joyriders 2\jetpack joyriders 2\app.cpp(795): warning C4305: 'initializing' : truncation from 'double' to 'float'
     1>c:\users\master\source\repos\cs3113\jetpack joyriders 2\jetpack joyriders 2\app.cpp(827): warning C4018: '<' : signed/unsigned mismatch
     1>c:\users\master\source\repos\cs3113\jetpack joyriders 2\jetpack joyriders 2\app.cpp(834): warning C4018: '<' : signed/unsigned mismatch
     1>c:\users\master\source\repos\cs3113\jetpack joyriders 2\jetpack joyriders 2\app.cpp(838): warning C4018: '<' : signed/unsigned mismatch
     1>c:\users\master\source\repos\cs3113\jetpack joyriders 2\jetpack joyriders 2\app.cpp(845): warning C4305: 'initializing' : truncation from 'double' to 'float'
     1>c:\users\master\source\repos\cs3113\jetpack joyriders 2\jetpack joyriders 2\app.cpp(849): warning C4244: 'argument' : conversion from 'double' to 'float', possible loss of data
       Link:
         C:\Program Files (x86)\Microsoft Visual Studio 12.0\VC\bin\link.exe /ERRORREPORT:PROMPT /OUT:"C:\Users\Master\Source\Repos\cs3113\Jetpack Joyriders 2\Debug\Jetpack Joyriders 2.exe" /INCREMENTAL /NOLOGO /LIBPATH:C:\SDL2\lib\x86 /LIBPATH:C:\SDL2_mixer\lib\x86 /LIBPATH:C:\SDL2_image\lib\x86 SDL2.lib SDL2main.lib SDL2_image.lib OpenGL32.lib SDL2_mixer.lib /MANIFEST /MANIFESTUAC:"level='asInvoker' uiAccess='false'" /manifest:embed /DEBUG /PDB:"C:\Users\Master\Source\Repos\cs3113\Jetpack Joyriders 2\Debug\Jetpack Joyriders 2.pdb" /SUBSYSTEM:CONSOLE /TLBID:1 /DYNAMICBASE /NXCOMPAT /IMPLIB:"C:\Users\Master\Source\Repos\cs3113\Jetpack Joyriders 2\Debug\Jetpack Joyriders 2.lib" /MACHINE:X86 Debug\App.obj
         Debug\JJ2App.obj
         Debug\MatrixEntities.obj
         Debug\ParticleSystem.obj
         Debug\PerlinNoise.obj
         Jetpack Joyriders 2.vcxproj -> C:\Users\Master\Source\Repos\cs3113\Jetpack Joyriders 2\Debug\Jetpack Joyriders 2.exe
     1>Done Building Project "C:\Users\Master\Source\Repos\cs3113\Jetpack Joyriders 2\Jetpack Joyriders 2\Jetpack Joyriders 2.vcxproj" (Build target(s)).

Build succeeded.

Time Elapsed 00:00:01.37
